<?xml version="1.0" encoding="UTF-8"?>
<testng-results skipped="0" failed="0" total="1" passed="1">
  <reporter-output>
    <line>
      <![CDATA[RemoteWebDriver connecting to http://localhost:4444/wd/hub]]>
    </line>
    <line>
      <![CDATA[Browser: chrome]]>
    </line>
    <line>
      <![CDATA[Platform: WINDOWS]]>
    </line>
  </reporter-output>
  <suite name="Checkout" duration-ms="100304" started-at="2018-04-10T12:14:01Z" finished-at="2018-04-10T12:15:41Z">
    <groups>
      <group name="GuestUserCheckout">
        <method signature="MyAssessmentTestCases.guestUserCheckout()[pri:0, instance:com.ecm.webautomation.tests.MyAssessmentTestCases@6fc6f14e]" name="guestUserCheckout" class="com.ecm.webautomation.tests.MyAssessmentTestCases"/>
      </group> <!-- GuestUserCheckout -->
    </groups>
    <test name="[Checkout] - Guest User Checkout" duration-ms="100304" started-at="2018-04-10T12:14:01Z" finished-at="2018-04-10T12:15:41Z">
      <class name="com.ecm.webautomation.tests.MyAssessmentTestCases">
        <test-method status="PASS" signature="startSelenium(java.lang.String, java.lang.String, java.lang.String, java.lang.String, org.testng.ITestContext)[pri:0, instance:com.ecm.webautomation.tests.MyAssessmentTestCases@6fc6f14e]" name="startSelenium" is-config="true" duration-ms="4197" started-at="2018-04-10T17:44:01Z" finished-at="2018-04-10T17:44:05Z">
          <params>
            <param index="0">
              <value>
                <![CDATA[chrome]]>
              </value>
            </param>
            <param index="1">
              <value>
                <![CDATA[WINDOWS]]>
              </value>
            </param>
            <param index="2">
              <value>
                <![CDATA[]]>
              </value>
            </param>
            <param index="3">
              <value>
                <![CDATA[]]>
              </value>
            </param>
            <param index="4">
              <value>
                <![CDATA[org.testng.TestRunner@742ff096]]>
              </value>
            </param>
          </params>
          <reporter-output>
            <line>
              <![CDATA[RemoteWebDriver connecting to http://localhost:4444/wd/hub]]>
            </line>
            <line>
              <![CDATA[Browser: chrome]]>
            </line>
            <line>
              <![CDATA[Platform: WINDOWS]]>
            </line>
          </reporter-output>
        </test-method> <!-- startSelenium -->
        <test-method status="PASS" signature="beforeMethod()[pri:0, instance:com.ecm.webautomation.tests.MyAssessmentTestCases@6fc6f14e]" name="beforeMethod" is-config="true" duration-ms="9260" started-at="2018-04-10T17:44:05Z" finished-at="2018-04-10T17:44:15Z">
          <reporter-output>
          </reporter-output>
        </test-method> <!-- beforeMethod -->
        <test-method status="PASS" signature="guestUserCheckout()[pri:0, instance:com.ecm.webautomation.tests.MyAssessmentTestCases@6fc6f14e]" name="guestUserCheckout" duration-ms="86727" started-at="2018-04-10T17:44:15Z" description="[Checkout] - Guest User Checkout" finished-at="2018-04-10T17:45:41Z">
          <reporter-output>
          </reporter-output>
        </test-method> <!-- guestUserCheckout -->
        <test-method status="PASS" signature="stopSelenium()[pri:0, instance:com.ecm.webautomation.tests.MyAssessmentTestCases@6fc6f14e]" name="stopSelenium" is-config="true" duration-ms="93" started-at="2018-04-10T17:45:41Z" finished-at="2018-04-10T17:45:41Z">
          <reporter-output>
          </reporter-output>
        </test-method> <!-- stopSelenium -->
      </class> <!-- com.ecm.webautomation.tests.MyAssessmentTestCases -->
    </test> <!-- [Checkout] - Guest User Checkout -->
  </suite> <!-- Checkout -->
</testng-results>
